<?xml version="1.0" encoding="UTF-8"?>
<!-- Generated by org.testng.reporters.JUnitReportReporter -->
<testsuite hostname="DESKTOP-PTBNG31" failures="0" tests="8" name="selinium.FirstTest" time="28.386" errors="0" timestamp="2023-08-12T10:49:53 EDT" skipped="0">
  <testcase classname="selinium.FirstTest" name="logOutTest" time="3.088"/>
  <system-out/>
  <testcase classname="selinium.FirstTest" name="resetBtnTest" time="3.260"/>
  <system-out/>
  <testcase classname="selinium.FirstTest" name="EditCustomerTest" time="6.129"/>
  <system-out/>
  <testcase classname="selinium.FirstTest" name="deleteCustomerTest" time="3.564"/>
  <system-out/>
  <testcase classname="selinium.FirstTest" name="addnewCustomerTest" time="3.729"/>
  <system-out/>
  <testcase classname="selinium.FirstTest" name="loginWithInvalidUserName" time="2.671"/>
  <system-out/>
  <testcase classname="selinium.FirstTest" name="loginWithSuccessTest" time="3.033"/>
  <system-out/>
  <testcase classname="selinium.FirstTest" name="loginWithInvalidPassword" time="2.912"/>
  <system-out/>
</testsuite> <!-- selinium.FirstTest -->
